Build started 26/03/2015 17.57.47.
     1>Project "C:\Users\Simone\Documents\Visual Studio 2013\Projects\Engine\Engine\Engine.vcxproj" on node 2 (Build target(s)).
     1>ClCompile:
         C:\Visual Studio 12.0\VC\bin\CL.exe /c /Zi /nologo /W3 /WX- /O2 /Oi /Oy- /GL /D WIN32 /D NDEBUG /D _WINDOWS /D _UNICODE /D UNICODE /Gm- /EHsc /MD /GS /Gy /fp:precise /Zc:wchar_t /Zc:forScope /Fo"Release\\" /Fd"Release\vc120.pdb" /Gd /TP /analyze- /errorReport:prompt cameraclass.cpp
         cameraclass.cpp
       Link:
         C:\Visual Studio 12.0\VC\bin\link.exe /ERRORREPORT:PROMPT /OUT:"C:\Users\Simone\Documents\Visual Studio 2013\Projects\Engine\Release\Engine.exe" /INCREMENTAL:NO /NOLOGO /LIBPATH:"C:\Program Files (x86)\Windows Kits\8.1\Lib\winv6.3\um\x86" d3d11.lib D3DCompiler.lib kernel32.lib user32.lib gdi32.lib winspool.lib comdlg32.lib advapi32.lib shell32.lib ole32.lib oleaut32.lib uuid.lib odbc32.lib odbccp32.lib /MANIFEST /MANIFESTUAC:"level='asInvoker' uiAccess='false'" /manifest:embed /DEBUG /PDB:"C:\Users\Simone\Documents\Visual Studio 2013\Projects\Engine\Release\Engine.pdb" /SUBSYSTEM:WINDOWS /OPT:REF /OPT:ICF /LTCG /TLBID:1 /DYNAMICBASE /NXCOMPAT /IMPLIB:"C:\Users\Simone\Documents\Visual Studio 2013\Projects\Engine\Release\Engine.lib" /MACHINE:X86 /SAFESEH Release\cameraclass.obj
         Release\colorshaderclass.obj
         Release\d3dclass.obj
         Release\graphicsclass.obj
         Release\inputclass.obj
         Release\main.obj
         Release\modelclass.obj
         Release\ShaderLoader.obj
         Release\systemclass.obj
         Generating code
         Finished generating code
         Engine.vcxproj -> C:\Users\Simone\Documents\Visual Studio 2013\Projects\Engine\Release\Engine.exe
     1>Done Building Project "C:\Users\Simone\Documents\Visual Studio 2013\Projects\Engine\Engine\Engine.vcxproj" (Build target(s)).

Build succeeded.

Time Elapsed 00:00:01.58
