d:\mattia\master\visual studio 2013\projects\engine\engine\debug\vc120.pdb
d:\mattia\master\visual studio 2013\projects\engine\engine\debug\vc120.idb
d:\mattia\master\visual studio 2013\projects\engine\engine\debug\cameraclass.obj
d:\mattia\master\visual studio 2013\projects\engine\engine\debug\colorshaderclass.obj
d:\mattia\master\visual studio 2013\projects\engine\engine\debug\d3dclass.obj
d:\mattia\master\visual studio 2013\projects\engine\engine\debug\ddstextureloader.obj
d:\mattia\master\visual studio 2013\projects\engine\engine\debug\inputclass.obj
d:\mattia\master\visual studio 2013\projects\engine\engine\debug\modelclass.obj
d:\mattia\master\visual studio 2013\projects\engine\engine\debug\shaderloader.obj
d:\mattia\master\visual studio 2013\projects\engine\engine\debug\textureclass.obj
d:\mattia\master\visual studio 2013\projects\engine\engine\debug\graphicsclass.obj
d:\mattia\master\visual studio 2013\projects\engine\engine\debug\textureshaderclass.obj
d:\mattia\master\visual studio 2013\projects\engine\engine\debug\main.obj
d:\mattia\master\visual studio 2013\projects\engine\engine\debug\systemclass.obj
d:\mattia\master\visual studio 2013\projects\engine\engine\debug\lightclass.obj
d:\mattia\master\visual studio 2013\projects\engine\engine\debug\lightshaderclass.obj
d:\mattia\master\visual studio 2013\projects\engine\debug\textureps.cso
d:\mattia\master\visual studio 2013\projects\engine\debug\texturevs.cso
d:\mattia\master\visual studio 2013\projects\engine\debug\pixelps.cso
d:\mattia\master\visual studio 2013\projects\engine\debug\lightps.cso
d:\mattia\master\visual studio 2013\projects\engine\debug\lightvs.cso
d:\mattia\master\visual studio 2013\projects\engine\debug\engine.ilk
d:\mattia\master\visual studio 2013\projects\engine\debug\engine.exe
d:\mattia\master\visual studio 2013\projects\engine\debug\engine.pdb
d:\mattia\master\visual studio 2013\projects\engine\engine\debug\camera.obj
d:\mattia\master\visual studio 2013\projects\engine\engine\debug\engine.tlog\cl.command.1.tlog
d:\mattia\master\visual studio 2013\projects\engine\engine\debug\engine.tlog\cl.read.1.tlog
d:\mattia\master\visual studio 2013\projects\engine\engine\debug\engine.tlog\cl.write.1.tlog
d:\mattia\master\visual studio 2013\projects\engine\engine\debug\engine.tlog\engine.write.1u.tlog
d:\mattia\master\visual studio 2013\projects\engine\engine\debug\engine.tlog\fxc.command.1.tlog
d:\mattia\master\visual studio 2013\projects\engine\engine\debug\engine.tlog\fxc.read.1.tlog
d:\mattia\master\visual studio 2013\projects\engine\engine\debug\engine.tlog\fxc.write.1.tlog
d:\mattia\master\visual studio 2013\projects\engine\engine\debug\engine.tlog\link.command.1.tlog
d:\mattia\master\visual studio 2013\projects\engine\engine\debug\engine.tlog\link.read.1.tlog
d:\mattia\master\visual studio 2013\projects\engine\engine\debug\engine.tlog\link.write.1.tlog
